[2026-03-04T18:49:18+00:00] INFO Incoming request {"method":"GET","uri":"\/contaqua.dev\/app-sagemcom\/server\/public\/api\/health"}
[2026-03-04T18:49:18+00:00] INFO Incoming request {"method":"GET","uri":"\/contaqua.dev\/app-sagemcom\/server\/public\/admin?admin_token=change_me_admin_token"}
[2026-03-04T18:49:40+00:00] INFO Incoming request {"method":"GET","uri":"\/contaqua.dev\/app-sagemcom\/server\/public\/api\/health"}
[2026-03-04T18:49:40+00:00] INFO Incoming request {"method":"GET","uri":"\/contaqua.dev\/app-sagemcom\/server\/public\/admin?admin_token=change_me_admin_token"}
[2026-03-04T18:49:41+00:00] INFO MongoDB client initialized 
[2026-03-04T18:49:41+00:00] ERROR Unhandled exception {"message":"No suitable servers found (`serverSelectionTryOnce` set): [TLS handshake failed: error:0A000438:SSL routines::tlsv1 alert internal error calling hello on 'ac-hnnoxeo-shard-00-00.q338oqb.mongodb.net:27017'] [TLS handshake failed: error:0A000438:SSL routines::tlsv1 alert internal error calling hello on 'ac-hnnoxeo-shard-00-02.q338oqb.mongodb.net:27017'] [TLS handshake failed: error:0A000438:SSL routines::tlsv1 alert internal error calling hello on 'ac-hnnoxeo-shard-00-01.q338oqb.mongodb.net:27017']","trace":"#0 C:\\xampp\\htdocs\\contaqua.dev\\app-sagemcom\\server\\vendor\\mongodb\\mongodb\\src\\functions.php(520): MongoDB\\Driver\\Manager->selectServer(Object(MongoDB\\Driver\\ReadPreference))\n#1 C:\\xampp\\htdocs\\contaqua.dev\\app-sagemcom\\server\\vendor\\mongodb\\mongodb\\src\\Collection.php(321): MongoDB\\select_server(Object(MongoDB\\Driver\\Manager), Array)\n#2 C:\\xampp\\htdocs\\contaqua.dev\\app-sagemcom\\server\\src\\Services\\AdminService.php(19): MongoDB\\Collection->countDocuments()\n#3 C:\\xampp\\htdocs\\contaqua.dev\\app-sagemcom\\server\\src\\Controllers\\AdminController.php(27): App\\Services\\AdminService->counts()\n#4 C:\\xampp\\htdocs\\contaqua.dev\\app-sagemcom\\server\\public\\index.php(86): App\\Controllers\\AdminController->dashboard(Object(App\\Http\\Request))\n#5 C:\\xampp\\htdocs\\contaqua.dev\\app-sagemcom\\server\\src\\Http\\Router.php(35): {closure}(Object(App\\Http\\Request), Array)\n#6 C:\\xampp\\htdocs\\contaqua.dev\\app-sagemcom\\server\\public\\index.php(90): App\\Http\\Router->dispatch(Object(App\\Http\\Request))\n#7 {main}"}
[2026-03-06T09:24:04+00:00] INFO Incoming request {"method":"GET","uri":"\/contaqua.dev\/app-sagemcom\/server\/public\/admin?admin_token=change_me_admin_token"}
[2026-03-06T09:25:25+00:00] INFO Incoming request {"method":"GET","uri":"\/contaqua.dev\/app-sagemcom\/server\/public\/admin?admin_token=change_me_admin_token"}
[2026-03-06T09:42:40+00:00] INFO Incoming request {"method":"GET","uri":"\/contaqua.dev\/app-sagemcom\/server\/public\/admin?admin_token=change_me_admin_token"}
[2026-03-06T09:42:40+00:00] INFO Incoming request {"method":"POST","uri":"\/contaqua.dev\/app-sagemcom\/server\/public\/admin"}
[2026-03-06T09:42:40+00:00] INFO MongoDB client initialized 
[2026-03-06T09:42:40+00:00] INFO MongoDB client initialized 
[2026-03-06T09:42:41+00:00] ERROR Unhandled exception {"message":"No suitable servers found (`serverSelectionTryOnce` set): [TLS handshake failed: error:0A000438:SSL routines::tlsv1 alert internal error calling hello on 'ac-hnnoxeo-shard-00-00.q338oqb.mongodb.net:27017'] [TLS handshake failed: error:0A000438:SSL routines::tlsv1 alert internal error calling hello on 'ac-hnnoxeo-shard-00-01.q338oqb.mongodb.net:27017'] [TLS handshake failed: error:0A000438:SSL routines::tlsv1 alert internal error calling hello on 'ac-hnnoxeo-shard-00-02.q338oqb.mongodb.net:27017']","trace":"#0 C:\\xampp\\htdocs\\contaqua.dev\\app-sagemcom\\server\\vendor\\mongodb\\mongodb\\src\\functions.php(520): MongoDB\\Driver\\Manager->selectServer(Object(MongoDB\\Driver\\ReadPreference))\n#1 C:\\xampp\\htdocs\\contaqua.dev\\app-sagemcom\\server\\vendor\\mongodb\\mongodb\\src\\Collection.php(321): MongoDB\\select_server(Object(MongoDB\\Driver\\Manager), Array)\n#2 C:\\xampp\\htdocs\\contaqua.dev\\app-sagemcom\\server\\src\\Services\\AdminService.php(38): MongoDB\\Collection->countDocuments()\n#3 C:\\xampp\\htdocs\\contaqua.dev\\app-sagemcom\\server\\src\\Controllers\\AdminController.php(56): App\\Services\\AdminService->counts()\n#4 C:\\xampp\\htdocs\\contaqua.dev\\app-sagemcom\\server\\public\\index.php(86): App\\Controllers\\AdminController->dashboard(Object(App\\Http\\Request))\n#5 C:\\xampp\\htdocs\\contaqua.dev\\app-sagemcom\\server\\src\\Http\\Router.php(35): {closure}(Object(App\\Http\\Request), Array)\n#6 C:\\xampp\\htdocs\\contaqua.dev\\app-sagemcom\\server\\public\\index.php(91): App\\Http\\Router->dispatch(Object(App\\Http\\Request))\n#7 {main}"}
[2026-03-06T09:42:41+00:00] ERROR Unhandled exception {"message":"No servers yet eligible for rescan","trace":"#0 C:\\xampp\\htdocs\\contaqua.dev\\app-sagemcom\\server\\vendor\\mongodb\\mongodb\\src\\functions.php(520): MongoDB\\Driver\\Manager->selectServer(Object(MongoDB\\Driver\\ReadPreference))\n#1 C:\\xampp\\htdocs\\contaqua.dev\\app-sagemcom\\server\\vendor\\mongodb\\mongodb\\src\\Collection.php(321): MongoDB\\select_server(Object(MongoDB\\Driver\\Manager), Array)\n#2 C:\\xampp\\htdocs\\contaqua.dev\\app-sagemcom\\server\\src\\Services\\AdminService.php(38): MongoDB\\Collection->countDocuments()\n#3 C:\\xampp\\htdocs\\contaqua.dev\\app-sagemcom\\server\\src\\Controllers\\AdminController.php(56): App\\Services\\AdminService->counts()\n#4 C:\\xampp\\htdocs\\contaqua.dev\\app-sagemcom\\server\\public\\index.php(87): App\\Controllers\\AdminController->dashboard(Object(App\\Http\\Request))\n#5 C:\\xampp\\htdocs\\contaqua.dev\\app-sagemcom\\server\\src\\Http\\Router.php(35): {closure}(Object(App\\Http\\Request), Array)\n#6 C:\\xampp\\htdocs\\contaqua.dev\\app-sagemcom\\server\\public\\index.php(91): App\\Http\\Router->dispatch(Object(App\\Http\\Request))\n#7 {main}"}
[2026-03-06T09:43:08+00:00] INFO Incoming request {"method":"GET","uri":"\/contaqua.dev\/app-sagemcom\/server\/public\/admin?admin_token=change_me_admin_token"}
[2026-03-06T09:43:08+00:00] INFO Incoming request {"method":"POST","uri":"\/contaqua.dev\/app-sagemcom\/server\/public\/admin"}
[2026-03-06T09:46:09+00:00] INFO Incoming request {"method":"GET","uri":"\/contaqua.dev\/app-sagemcom\/server\/public\/admin?admin_token=change_me_admin_token"}
[2026-03-06T09:46:45+00:00] INFO Incoming request {"method":"GET","uri":"\/contaqua.dev\/app-sagemcom\/server\/public\/api\/health"}
[2026-03-06T09:46:45+00:00] INFO Incoming request {"method":"GET","uri":"\/contaqua.dev\/app-sagemcom\/server\/public\/api\/admin\/metrics?admin_token=change_me_admin_token"}
[2026-03-06T09:46:45+00:00] INFO MongoDB client initialized 
[2026-03-06T09:46:45+00:00] ERROR Unhandled exception {"message":"No suitable servers found (`serverSelectionTryOnce` set): [TLS handshake failed: error:0A000438:SSL routines::tlsv1 alert internal error calling hello on 'ac-hnnoxeo-shard-00-01.q338oqb.mongodb.net:27017'] [TLS handshake failed: error:0A000438:SSL routines::tlsv1 alert internal error calling hello on 'ac-hnnoxeo-shard-00-02.q338oqb.mongodb.net:27017'] [TLS handshake failed: error:0A000438:SSL routines::tlsv1 alert internal error calling hello on 'ac-hnnoxeo-shard-00-00.q338oqb.mongodb.net:27017']","trace":"#0 C:\\xampp\\htdocs\\contaqua.dev\\app-sagemcom\\server\\vendor\\mongodb\\mongodb\\src\\functions.php(520): MongoDB\\Driver\\Manager->selectServer(Object(MongoDB\\Driver\\ReadPreference))\n#1 C:\\xampp\\htdocs\\contaqua.dev\\app-sagemcom\\server\\vendor\\mongodb\\mongodb\\src\\Collection.php(321): MongoDB\\select_server(Object(MongoDB\\Driver\\Manager), Array)\n#2 C:\\xampp\\htdocs\\contaqua.dev\\app-sagemcom\\server\\src\\Services\\AdminService.php(38): MongoDB\\Collection->countDocuments()\n#3 C:\\xampp\\htdocs\\contaqua.dev\\app-sagemcom\\server\\src\\Controllers\\AdminController.php(79): App\\Services\\AdminService->counts()\n#4 C:\\xampp\\htdocs\\contaqua.dev\\app-sagemcom\\server\\public\\index.php(88): App\\Controllers\\AdminController->metrics(Object(App\\Http\\Request))\n#5 C:\\xampp\\htdocs\\contaqua.dev\\app-sagemcom\\server\\src\\Http\\Router.php(35): {closure}(Object(App\\Http\\Request), Array)\n#6 C:\\xampp\\htdocs\\contaqua.dev\\app-sagemcom\\server\\public\\index.php(91): App\\Http\\Router->dispatch(Object(App\\Http\\Request))\n#7 {main}"}
[2026-03-06T09:47:06+00:00] INFO Incoming request {"method":"GET","uri":"\/contaqua.dev\/app-sagemcom\/server\/public\/admin?admin_token=change_me_admin_token"}
[2026-03-06T09:47:06+00:00] INFO MongoDB client initialized 
[2026-03-06T09:47:06+00:00] ERROR Unhandled exception {"message":"No suitable servers found (`serverSelectionTryOnce` set): [TLS handshake failed: error:0A000438:SSL routines::tlsv1 alert internal error calling hello on 'ac-hnnoxeo-shard-00-00.q338oqb.mongodb.net:27017'] [TLS handshake failed: error:0A000438:SSL routines::tlsv1 alert internal error calling hello on 'ac-hnnoxeo-shard-00-01.q338oqb.mongodb.net:27017'] [TLS handshake failed: error:0A000438:SSL routines::tlsv1 alert internal error calling hello on 'ac-hnnoxeo-shard-00-02.q338oqb.mongodb.net:27017']","trace":"#0 C:\\xampp\\htdocs\\contaqua.dev\\app-sagemcom\\server\\vendor\\mongodb\\mongodb\\src\\functions.php(520): MongoDB\\Driver\\Manager->selectServer(Object(MongoDB\\Driver\\ReadPreference))\n#1 C:\\xampp\\htdocs\\contaqua.dev\\app-sagemcom\\server\\vendor\\mongodb\\mongodb\\src\\Collection.php(321): MongoDB\\select_server(Object(MongoDB\\Driver\\Manager), Array)\n#2 C:\\xampp\\htdocs\\contaqua.dev\\app-sagemcom\\server\\src\\Services\\AdminService.php(38): MongoDB\\Collection->countDocuments()\n#3 C:\\xampp\\htdocs\\contaqua.dev\\app-sagemcom\\server\\src\\Controllers\\AdminController.php(56): App\\Services\\AdminService->counts()\n#4 C:\\xampp\\htdocs\\contaqua.dev\\app-sagemcom\\server\\public\\index.php(86): App\\Controllers\\AdminController->dashboard(Object(App\\Http\\Request))\n#5 C:\\xampp\\htdocs\\contaqua.dev\\app-sagemcom\\server\\src\\Http\\Router.php(35): {closure}(Object(App\\Http\\Request), Array)\n#6 C:\\xampp\\htdocs\\contaqua.dev\\app-sagemcom\\server\\public\\index.php(91): App\\Http\\Router->dispatch(Object(App\\Http\\Request))\n#7 {main}"}
[2026-03-06T09:47:08+00:00] INFO Incoming request {"method":"GET","uri":"\/contaqua.dev\/app-sagemcom\/server\/public\/admin?admin_token=change_me_admin_token"}
[2026-03-06T09:47:08+00:00] INFO MongoDB client initialized 
[2026-03-06T09:47:08+00:00] ERROR Unhandled exception {"message":"No suitable servers found (`serverSelectionTryOnce` set): [TLS handshake failed: error:0A000438:SSL routines::tlsv1 alert internal error calling hello on 'ac-hnnoxeo-shard-00-01.q338oqb.mongodb.net:27017'] [TLS handshake failed: error:0A000438:SSL routines::tlsv1 alert internal error calling hello on 'ac-hnnoxeo-shard-00-02.q338oqb.mongodb.net:27017'] [TLS handshake failed: error:0A000438:SSL routines::tlsv1 alert internal error calling hello on 'ac-hnnoxeo-shard-00-00.q338oqb.mongodb.net:27017']","trace":"#0 C:\\xampp\\htdocs\\contaqua.dev\\app-sagemcom\\server\\vendor\\mongodb\\mongodb\\src\\functions.php(520): MongoDB\\Driver\\Manager->selectServer(Object(MongoDB\\Driver\\ReadPreference))\n#1 C:\\xampp\\htdocs\\contaqua.dev\\app-sagemcom\\server\\vendor\\mongodb\\mongodb\\src\\Collection.php(321): MongoDB\\select_server(Object(MongoDB\\Driver\\Manager), Array)\n#2 C:\\xampp\\htdocs\\contaqua.dev\\app-sagemcom\\server\\src\\Services\\AdminService.php(38): MongoDB\\Collection->countDocuments()\n#3 C:\\xampp\\htdocs\\contaqua.dev\\app-sagemcom\\server\\src\\Controllers\\AdminController.php(56): App\\Services\\AdminService->counts()\n#4 C:\\xampp\\htdocs\\contaqua.dev\\app-sagemcom\\server\\public\\index.php(86): App\\Controllers\\AdminController->dashboard(Object(App\\Http\\Request))\n#5 C:\\xampp\\htdocs\\contaqua.dev\\app-sagemcom\\server\\src\\Http\\Router.php(35): {closure}(Object(App\\Http\\Request), Array)\n#6 C:\\xampp\\htdocs\\contaqua.dev\\app-sagemcom\\server\\public\\index.php(91): App\\Http\\Router->dispatch(Object(App\\Http\\Request))\n#7 {main}"}
[2026-03-06T11:53:45+00:00] INFO Incoming request {"method":"GET","uri":"\/contaqua.dev\/app-sagemcom\/server\/public\/admin?admin_token=ContaquaAdminSecure2026"}
FO Incoming request {"method":"GET","uri":"\/contaqua.dev\/app-sagemcom\/server\/public\/api\/admin\/metrics?admin_token=ContaquaAdminSecure2026"}
[2026-03-06T11:53:45+00:00] INFO MongoDB client initialized 
[2026-03-06T11:53:45+00:00] INFO MongoDB client initialized 
[2026-03-06T11:54:34+00:00] INFO Incoming request {"method":"GET","uri":"\/contaqua.dev\/app-sagemcom\/server\/public\/admin?admin_token=change_me_admin_token"}
[2026-03-06T11:54:44+00:00] INFO Incoming request {"method":"GET","uri":"\/contaqua.dev\/app-sagemcom\/server\/public\/admin?admin_token=ContaquaAdminSecure2026"}
[2026-03-06T11:54:44+00:00] INFO MongoDB client initialized 
[2026-03-06T11:55:47+00:00] INFO Incoming request {"method":"POST","uri":"\/contaqua.dev\/app-sagemcom\/server\/public\/admin?admin_token=ContaquaAdminSecure2026"}
[2026-03-06T11:55:47+00:00] INFO MongoDB client initialized 
[2026-03-06T12:09:25+00:00] INFO Incoming request {"method":"GET","uri":"\/contaqua.dev\/app-sagemcom\/server\/public\/api\/admin\/metrics?admin_token=ContaquaAdminSecure2026"}
[2026-03-06T12:09:25+00:00] INFO Incoming request {"method":"POST","uri":"\/contaqua.dev\/app-sagemcom\/server\/public\/admin"}
[2026-03-06T12:09:25+00:00] INFO MongoDB client initialized 
[2026-03-06T12:09:25+00:00] INFO MongoDB client initialized 
[2026-03-06T12:09:25+00:00] INFO MongoDB client initialized 
[2026-03-06T12:09:36+00:00] INFO Incoming request {"method":"POST","uri":"\/contaqua.dev\/app-sagemcom\/server\/public\/api\/user_token"}
admin_token=ContaquaAdminSecure2026"}
[2026-03-06T12:09:36+00:00] INFO MongoDB client initialized 
[2026-03-06T12:09:36+00:00] INFO MongoDB client initialized 
[2026-03-06T12:09:36+00:00] INFO Incoming request {"method":"POST","uri":"\/contaqua.dev\/app-sagemcom\/server\/public\/api\/meter_token"}
[2026-03-06T12:09:36+00:00] INFO MongoDB client initialized 
[2026-03-06T12:26:26+00:00] INFO Incoming request {"method":"GET","uri":"\/contaqua.dev\/app-sagemcom\/server\/public\/admin?admin_token=ContaquaAdminSecure2026"}
[2026-03-06T12:26:26+00:00] INFO MongoDB client initialized 
[2026-03-06T12:42:52+00:00] INFO Incoming request {"method":"POST","uri":"\/contaqua.dev\/app-sagemcom\/server\/public\/admin"}
[2026-03-06T12:42:52+00:00] INFO Incoming request {"method":"GET","uri":"\/contaqua.dev\/app-sagemcom\/server\/public\/api\/admin\/metrics?admin_token=ContaquaAdminSecure2026"}
[2026-03-06T12:42:52+00:00] INFO MongoDB client initialized 
[2026-03-06T12:42:52+00:00] INFO MongoDB client initialized 
[2026-03-06T12:42:52+00:00] INFO MongoDB client initialized 
[2026-03-06T12:43:11+00:00] INFO Incoming request {"method":"GET","uri":"\/contaqua.dev\/app-sagemcom\/server\/public\/api\/admin\/metrics?admin_token=ContaquaAdminSecure2026"}
[2026-03-06T12:43:11+00:00] INFO MongoDB client initialized 
[2026-03-06T12:43:26+00:00] INFO Incoming request {"method":"POST","uri":"\/contaqua.dev\/app-sagemcom\/server\/public\/api\/user_token"}
[2026-03-06T12:43:26+00:00] INFO MongoDB client initialized 
[2026-03-06T12:43:26+00:00] INFO Incoming request {"method":"POST","uri":"\/contaqua.dev\/app-sagemcom\/server\/public\/admin"}
[2026-03-06T12:43:26+00:00] INFO MongoDB client initialized 
[2026-03-06T12:43:26+00:00] INFO Incoming request {"method":"POST","uri":"\/contaqua.dev\/app-sagemcom\/server\/public\/api\/meter_token"}
[2026-03-06T12:43:26+00:00] INFO MongoDB client initialized 
[2026-03-06T12:43:47+00:00] INFO Incoming request {"method":"POST","uri":"\/contaqua.dev\/app-sagemcom\/server\/public\/api\/meter\/authorize"}
[2026-03-06T12:43:47+00:00] INFO MongoDB client initialized 
[2026-03-06T12:43:47+00:00] INFO Incoming request {"method":"POST","uri":"\/contaqua.dev\/app-sagemcom\/server\/public\/api\/meter_token"}
[2026-03-06T12:43:47+00:00] INFO MongoDB client initialized 
[2026-03-06T12:50:05+00:00] INFO Incoming request {"method":"GET","uri":"\/contaqua.dev\/app-sagemcom\/server\/public\/admin?admin_token=ContaquaAdminSecure2026"}
[2026-03-06T12:50:05+00:00] INFO MongoDB client initialized 
[2026-03-06T13:20:23+00:00] INFO Incoming request {"method":"GET","uri":"\/contaqua.dev\/app-sagemcom\/server\/public\/api\/admin\/metrics?admin_token=ContaquaAdminSecure2026"}
[2026-03-06T13:20:23+00:00] INFO MongoDB client initialized 
[2026-03-06T13:20:23+00:00] INFO MongoDB client initialized 
[2026-03-06T13:20:23+00:00] INFO MongoDB client initialized 
[2026-03-06T13:20:37+00:00] INFO Incoming request {"method":"POST","uri":"\/contaqua.dev\/app-sagemcom\/server\/public\/api\/meter\/authorize"}
[2026-03-06T13:20:37+00:00] INFO MongoDB client initialized 
[2026-03-06T13:20:47+00:00] INFO Incoming request {"method":"POST","uri":"\/contaqua.dev\/app-sagemcom\/server\/public\/api\/meter_token"}
[2026-03-06T13:20:47+00:00] INFO MongoDB client initialized 
[2026-03-06T13:20:47+00:00] INFO Incoming request {"method":"POST","uri":"\/contaqua.dev\/app-sagemcom\/server\/public\/api\/user_token"}
[2026-03-06T13:20:47+00:00] INFO MongoDB client initialized 
[2026-03-06T13:23:30+00:00] INFO MongoDB client initialized 
[2026-03-06T13:23:41+00:00] INFO Incoming request {"method":"GET","uri":"\/contaqua.dev\/app-sagemcom\/server\/public\/api\/admin\/metrics?admin_token=ContaquaAdminSecure2026"}
[2026-03-06T13:23:41+00:00] INFO MongoDB client initialized 
[2026-03-06T13:47:35+00:00] INFO Incoming request {"method":"POST","uri":"\/contaqua.dev\/app-sagemcom\/server\/public\/admin?admin_token=ContaquaAdminSecure2026"}
[2026-03-06T13:47:35+00:00] INFO MongoDB client initialized 
[2026-03-06T13:47:41+00:00] INFO Incoming request {"method":"POST","uri":"\/contaqua.dev\/app-sagemcom\/server\/public\/admin?admin_token=ContaquaAdminSecure2026"}
[2026-03-06T13:47:41+00:00] INFO MongoDB client initialized 
[2026-03-06T13:47:46+00:00] INFO Incoming request {"method":"POST","uri":"\/contaqua.dev\/app-sagemcom\/server\/public\/admin?admin_token=ContaquaAdminSecure2026"}
[2026-03-06T13:47:46+00:00] INFO MongoDB client initialized 
[2026-03-06T13:47:51+00:00] INFO Incoming request {"method":"GET","uri":"\/contaqua.dev\/app-sagemcom\/server\/public\/admin"}
[2026-03-06T13:48:53+00:00] INFO Incoming request {"method":"GET","uri":"\/contaqua.dev\/app-sagemcom\/server\/public\/admin?admin_token=ContaquaAdminSecure2026"}
[2026-03-06T13:48:53+00:00] INFO MongoDB client initialized 
[2026-03-06T13:49:06+00:00] INFO Incoming request {"method":"POST","uri":"\/contaqua.dev\/app-sagemcom\/server\/public\/admin?admin_token=ContaquaAdminSecure2026"}
[2026-03-06T13:49:06+00:00] INFO MongoDB client initialized 
[2026-03-06T13:55:20+00:00] INFO MongoDB client initialized 
[2026-03-06T13:55:35+00:00] INFO Incoming request {"method":"POST","uri":"\/contaqua.dev\/app-sagemcom\/server\/public\/admin"}
[2026-03-06T13:55:35+00:00] INFO MongoDB client initialized 
[2026-03-06T13:55:35+00:00] INFO Incoming request {"method":"POST","uri":"\/contaqua.dev\/app-sagemcom\/server\/public\/admin"}
[2026-03-06T13:55:35+00:00] INFO MongoDB client initialized 
[2026-03-06T13:56:05+00:00] INFO Incoming request {"method":"POST","uri":"\/contaqua.dev\/app-sagemcom\/server\/public\/api\/user_token"}
[2026-03-06T13:56:05+00:00] INFO MongoDB client initialized 
[2026-03-06T13:56:05+00:00] INFO Incoming request {"method":"POST","uri":"\/contaqua.dev\/app-sagemcom\/server\/public\/api\/meter_token"}
[2026-03-06T13:56:05+00:00] INFO MongoDB client initialized 
[2026-03-06T13:56:05+00:00] INFO Incoming request {"method":"POST","uri":"\/contaqua.dev\/app-sagemcom\/server\/public\/api\/meter\/session"}
[2026-03-06T13:56:20+00:00] INFO Incoming request {"method":"POST","uri":"\/contaqua.dev\/app-sagemcom\/server\/public\/api\/meter\/session"}
[2026-03-06T13:56:20+00:00] INFO MongoDB client initialized 
[2026-03-06T13:56:20+00:00] INFO Session stored {"inserted_id":"69aadd048d109fbf1a07e7da","deveui":"A01829FFFEEAA53D"}
[2026-03-06T13:56:20+00:00] INFO Incoming request {"method":"GET","uri":"\/contaqua.dev\/app-sagemcom\/server\/public\/api\/admin\/metrics?admin_token=ContaquaAdminSecure2026"}
[2026-03-06T13:56:20+00:00] INFO MongoDB client initialized 
[2026-03-06T13:59:51+00:00] INFO Incoming request {"method":"POST","uri":"\/contaqua.dev\/app-sagemcom\/server\/public\/admin?admin_token=ContaquaAdminSecure2026"}
[2026-03-06T13:59:51+00:00] INFO MongoDB client initialized 
[2026-03-06T13:59:55+00:00] INFO Incoming request {"method":"POST","uri":"\/contaqua.dev\/app-sagemcom\/server\/public\/admin?admin_token=ContaquaAdminSecure2026"}
[2026-03-06T13:59:55+00:00] INFO MongoDB client initialized 
[2026-03-06T14:20:29+00:00] INFO Incoming request {"method":"GET","uri":"\/contaqua.dev\/app-sagemcom\/server\/public\/admin?admin_token=ContaquaAdminSecure2026"}
[2026-03-06T14:20:29+00:00] ERROR Unhandled exception {"message":"syntax error, unexpected single-quoted string \");\", expecting \";\"","trace":"#0 C:\\xampp\\htdocs\\contaqua.dev\\app-sagemcom\\server\\vendor\\composer\\ClassLoader.php(427): Composer\\Autoload\\{closure}('C:\\\\xampp\\\\htdocs...')\n#1 C:\\xampp\\htdocs\\contaqua.dev\\app-sagemcom\\server\\src\\Controllers\\AdminController.php(65): Composer\\Autoload\\ClassLoader->loadClass('App\\\\Admin\\\\Admin...')\n#2 C:\\xampp\\htdocs\\contaqua.dev\\app-sagemcom\\server\\public\\index.php(86): App\\Controllers\\AdminController->dashboard(Object(App\\Http\\Request))\n#3 C:\\xampp\\htdocs\\contaqua.dev\\app-sagemcom\\server\\src\\Http\\Router.php(35): {closure}(Object(App\\Http\\Request), Array)\n#4 C:\\xampp\\htdocs\\contaqua.dev\\app-sagemcom\\server\\public\\index.php(91): App\\Http\\Router->dispatch(Object(App\\Http\\Request))\n#5 {main}"}
[2026-03-06T14:21:21+00:00] INFO Incoming request {"method":"GET","uri":"\/contaqua.dev\/app-sagemcom\/server\/public\/admin?admin_token=ContaquaAdminSecure2026"}
[2026-03-06T14:21:21+00:00] INFO MongoDB client initialized 
[2026-03-06T15:47:34+00:00] INFO Incoming request {"method":"POST","uri":"\/contaqua.dev\/app-sagemcom\/server\/public\/admin?admin_token=ContaquaAdminSecure2026"}
[2026-03-06T15:47:34+00:00] INFO MongoDB client initialized 
[2026-03-06T15:48:59+00:00] INFO Incoming request {"method":"POST","uri":"\/contaqua.dev\/app-sagemcom\/server\/public\/admin?admin_token=ContaquaAdminSecure2026"}
[2026-03-06T15:48:59+00:00] INFO MongoDB client initialized 
[2026-03-06T15:49:02+00:00] INFO Incoming request {"method":"POST","uri":"\/contaqua.dev\/app-sagemcom\/server\/public\/admin?admin_token=ContaquaAdminSecure2026"}
[2026-03-06T15:49:02+00:00] INFO MongoDB client initialized 
[2026-03-06T15:49:04+00:00] INFO Incoming request {"method":"POST","uri":"\/contaqua.dev\/app-sagemcom\/server\/public\/admin?admin_token=ContaquaAdminSecure2026"}
[2026-03-06T15:49:04+00:00] INFO MongoDB client initialized 
[2026-03-06T15:49:13+00:00] INFO Incoming request {"method":"GET","uri":"\/contaqua.dev\/app-sagemcom\/server\/public\/admin?admin_token=ContaquaAdminSecure2026"}
[2026-03-06T15:49:13+00:00] INFO MongoDB client initialized 
[2026-03-12T10:29:50+00:00] INFO Incoming request {"method":"GET","uri":"\/contaqua.dev\/app-sagemcom\/server\/public\/admin?admin_token=ContaquaAdminSecure2026"}
[2026-03-12T10:29:50+00:00] INFO MongoDB client initialized 
[2026-03-12T10:29:52+00:00] INFO Incoming request {"method":"GET","uri":"\/contaqua.dev\/app-sagemcom\/server\/public\/admin?admin_token=ContaquaAdminSecure2026"}
[2026-03-12T10:29:53+00:00] INFO MongoDB client initialized 
[2026-03-12T10:43:49+00:00] INFO Incoming request {"method":"GET","uri":"\/contaqua.dev\/app-sagemcom\/server\/public\/admin?admin_token=ContaquaAdminSecure2026"}
[2026-03-12T10:43:49+00:00] INFO MongoDB client initialized 
[2026-03-12T10:44:33+00:00] INFO Incoming request {"method":"GET","uri":"\/contaqua.dev\/app-sagemcom\/server\/public\/admin?admin_token=ContaquaAdminSecure2026"}
[2026-03-12T10:44:33+00:00] INFO MongoDB client initialized 
[2026-03-12T10:44:39+00:00] INFO Incoming request {"method":"POST","uri":"\/contaqua.dev\/app-sagemcom\/server\/public\/admin?admin_token=ContaquaAdminSecure2026"}
[2026-03-12T10:44:39+00:00] INFO MongoDB client initialized 
[2026-03-12T10:44:59+00:00] INFO Incoming request {"method":"POST","uri":"\/contaqua.dev\/app-sagemcom\/server\/public\/admin?admin_token=ContaquaAdminSecure2026"}
[2026-03-12T10:44:59+00:00] INFO MongoDB client initialized 
[2026-03-12T10:59:13+00:00] INFO Incoming request {"method":"GET","uri":"\/contaqua.dev\/app-sagemcom\/server\/public\/admin?admin_token=ContaquaAdminSecure2026"}
[2026-03-12T10:59:13+00:00] INFO MongoDB client initialized 
[2026-03-12T11:00:14+00:00] INFO Incoming request {"method":"POST","uri":"\/contaqua.dev\/app-sagemcom\/server\/public\/admin?admin_token=ContaquaAdminSecure2026"}
[2026-03-12T11:00:14+00:00] INFO MongoDB client initialized 
[2026-03-12T11:01:29+00:00] INFO Incoming request {"method":"POST","uri":"\/contaqua.dev\/app-sagemcom\/server\/public\/admin?admin_token=ContaquaAdminSecure2026"}
[2026-03-12T11:01:29+00:00] INFO MongoDB client initialized 
[2026-03-12T11:06:44+00:00] INFO Incoming request {"method":"GET","uri":"\/contaqua.dev\/app-sagemcom\/server\/public\/admin?admin_token=ContaquaAdminSecure2026"}
[2026-03-12T11:06:44+00:00] INFO MongoDB client initialized 
[2026-03-12T11:11:10+00:00] INFO Incoming request {"method":"POST","uri":"\/contaqua.dev\/app-sagemcom\/server\/public\/admin?admin_token=ContaquaAdminSecure2026"}
[2026-03-12T11:11:10+00:00] INFO MongoDB client initialized 
[2026-03-12T11:28:44+00:00] INFO Incoming request {"method":"POST","uri":"\/contaqua.dev\/app-sagemcom\/server\/public\/admin?admin_token=ContaquaAdminSecure2026"}
[2026-03-12T11:28:44+00:00] INFO MongoDB client initialized 
[2026-03-12T11:29:46+00:00] INFO Incoming request {"method":"GET","uri":"\/contaqua.dev\/app-sagemcom\/server\/public\/admin?admin_token=ContaquaAdminSecure2026"}
[2026-03-12T11:29:46+00:00] INFO MongoDB client initialized 
[2026-03-12T11:31:30+00:00] INFO Incoming request {"method":"GET","uri":"\/contaqua.dev\/app-sagemcom\/server\/public\/admin?admin_token=ContaquaAdminSecure2026"}
[2026-03-12T11:31:30+00:00] INFO MongoDB client initialized 
[2026-03-12T11:32:02+00:00] INFO Incoming request {"method":"GET","uri":"\/contaqua.dev\/app-sagemcom\/server\/public\/admin?admin_token=ContaquaAdminSecure2026"}
[2026-03-12T11:32:02+00:00] INFO MongoDB client initialized 
[2026-03-12T11:45:58+00:00] INFO Incoming request {"method":"GET","uri":"\/contaqua.dev\/app-sagemcom\/server\/public\/admin?admin_token=ContaquaAdminSecure2026"}
[2026-03-12T11:45:58+00:00] INFO MongoDB client initialized 
[2026-03-12T11:49:50+00:00] INFO Incoming request {"method":"POST","uri":"\/contaqua.dev\/app-sagemcom\/server\/public\/admin?admin_token=ContaquaAdminSecure2026"}
[2026-03-12T11:49:50+00:00] INFO MongoDB client initialized 
[2026-03-12T11:56:22+00:00] INFO Incoming request {"method":"POST","uri":"\/contaqua.dev\/app-sagemcom\/server\/public\/admin?admin_token=ContaquaAdminSecure2026"}
[2026-03-12T11:56:22+00:00] INFO MongoDB client initialized 
[2026-03-12T11:59:01+00:00] INFO Incoming request {"method":"GET","uri":"\/contaqua.dev\/app-sagemcom\/server\/public\/admin?admin_token=ContaquaAdminSecure2026"}
[2026-03-12T11:59:01+00:00] INFO MongoDB client initialized 
[2026-03-12T11:59:56+00:00] INFO Incoming request {"method":"POST","uri":"\/contaqua.dev\/app-sagemcom\/server\/public\/admin?admin_token=ContaquaAdminSecure2026"}
[2026-03-12T11:59:56+00:00] INFO MongoDB client initialized 
[2026-03-12T12:02:52+00:00] INFO Incoming request {"method":"GET","uri":"\/contaqua.dev\/app-sagemcom\/server\/public\/admin?admin_token=ContaquaAdminSecure2026"}
[2026-03-12T12:02:52+00:00] INFO MongoDB client initialized 
[2026-03-12T12:02:53+00:00] INFO Incoming request {"method":"POST","uri":"\/contaqua.dev\/app-sagemcom\/server\/public\/admin"}
[2026-03-12T12:03:32+00:00] INFO Incoming request {"method":"POST","uri":"\/contaqua.dev\/app-sagemcom\/server\/public\/admin?admin_token=ContaquaAdminSecure2026"}
[2026-03-12T12:03:32+00:00] INFO MongoDB client initialized 
[2026-03-12T12:03:57+00:00] INFO Incoming request {"method":"GET","uri":"\/contaqua.dev\/app-sagemcom\/server\/public\/admin?admin_token=ContaquaAdminSecure2026"}
[2026-03-12T12:03:57+00:00] INFO MongoDB client initialized 
[2026-03-13T11:30:55+00:00] INFO Incoming request {"method":"POST","uri":"\/contaqua_api\/admin?admin_token=ContaquaAdminSecure2026"}
[2026-03-13T11:31:10+00:00] INFO Incoming request {"method":"GET","uri":"\/contaqua_api\/admin?admin_token=ContaquaAdminSecure2026"}
[2026-03-13T11:31:10+00:00] INFO MongoDB client initialized 
[2026-03-13T11:53:25+00:00] INFO Incoming request {"method":"GET","uri":"\/contaqua_api\/admin?admin_token=ContaquaAdminSecure2026"}
[2026-03-13T11:53:25+00:00] INFO MongoDB client initialized 
[2026-03-13T13:41:31+00:00] INFO Incoming request {"method":"GET","uri":"\/contaqua_api\/admin?admin_token=ContaquaAdminSecure2026"}
[2026-03-13T13:41:31+00:00] INFO MongoDB client initialized 
[2026-03-13T14:33:01+00:00] INFO Incoming request {"method":"GET","uri":"\/"}
